app/build/outputs/logs/manifest-merger-debug-report.txt
-- Merging decision tree log ---
manifest
ADDED from src\main\AndroidManifest.xml:2:1-43:12
INJECTED from src\main\AndroidManifest.xml:2:1-43:12
INJECTED from src\main\AndroidManifest.xml:2:1-43:12
INJECTED from src\main\AndroidManifest.xml:2:1-43:12
MERGED from [com.android.support:design:28.0.0] AndroidManifest.xml:17:1-24:12
MERGED from [com.facebook.android:facebook-share:4.42.0] AndroidManifest.xml:21:1-31:12
MERGED from [com.facebook.android:facebook-common:4.42.0] AndroidManifest.xml:21:1-37:12
MERGED from [com.android.support:appcompat-v7:28.0.0] AndroidManifest.xml:17:1-22:12
MERGED from [com.android.support:recyclerview-v7:28.0.0] AndroidManifest.xml:17:1-22:12
MERGED from [com.android.support.constraint:constraint-layout:1.1.3] AndroidManifest.xml:2:1-11:12
MERGED from [com.android.support:support-v4:28.0.0] AndroidManifest.xml:17:1-22:12
MERGED from [com.android.support:support-fragment:28.0.0] AndroidManifest.xml:17:1-22:12
MERGED from [com.android.support:animated-vector-drawable:28.0.0] AndroidManifest.xml:17:1-22:12
MERGED from [com.android.support:support-core-ui:28.0.0] AndroidManifest.xml:17:1-22:12
MERGED from [com.facebook.android:facebook-core:4.42.0] AndroidManifest.xml:21:1-53:12
MERGED from [com.android.support:support-core-utils:28.0.0] AndroidManifest.xml:17:1-22:12
MERGED from [com.android.support:support-vector-drawable:28.0.0] AndroidManifest.xml:17:1-22:12
MERGED from [com.android.support:support-media-compat:28.0.0] AndroidManifest.xml:17:1-22:12
MERGED from [com.android.support:transition:28.0.0] AndroidManifest.xml:17:1-22:12
MERGED from [com.android.support:loader:28.0.0] AndroidManifest.xml:17:1-22:12
MERGED from [com.android.support:viewpager:28.0.0] AndroidManifest.xml:17:1-22:12
MERGED from [com.android.support:coordinatorlayout:28.0.0] AndroidManifest.xml:17:1-22:12
MERGED from [com.android.support:drawerlayout:28.0.0] AndroidManifest.xml:17:1-22:12
MERGED from [com.android.support:slidingpanelayout:28.0.0] AndroidManifest.xml:17:1-22:12
MERGED from [com.android.support:customview:28.0.0] AndroidManifest.xml:17:1-22:12
MERGED from [com.android.support:swiperefreshlayout:28.0.0] AndroidManifest.xml:17:1-22:12
MERGED from [com.android.support:asynclayoutinflater:28.0.0] AndroidManifest.xml:17:1-22:12
MERGED from [com.android.support:customtabs:27.0.2] AndroidManifest.xml:17:1-22:12
MERGED from [com.android.support:support-compat:28.0.0] AndroidManifest.xml:17:1-24:12
MERGED from [com.android.support:versionedparcelable:28.0.0] AndroidManifest.xml:17:1-25:12
MERGED from [com.android.support:cursoradapter:28.0.0] AndroidManifest.xml:17:1-22:12
MERGED from [com.android.support:cardview-v7:28.0.0] AndroidManifest.xml:17:1-22:12
MERGED from [android.arch.lifecycle:runtime:1.1.1] AndroidManifest.xml:17:1-22:12
MERGED from [com.android.support:documentfile:28.0.0] AndroidManifest.xml:17:1-22:12
MERGED from [com.android.support:localbroadcastmanager:28.0.0] AndroidManifest.xml:17:1-22:12
MERGED from [com.android.support:print:28.0.0] AndroidManifest.xml:17:1-22:12
MERGED from [android.arch.lifecycle:viewmodel:1.1.1] AndroidManifest.xml:17:1-22:12
MERGED from [com.android.support:interpolator:28.0.0] AndroidManifest.xml:17:1-22:12
MERGED from [android.arch.lifecycle:livedata:1.1.1] AndroidManifest.xml:17:1-22:12
MERGED from [android.arch.lifecycle:livedata-core:1.1.1] AndroidManifest.xml:17:1-22:12
MERGED from [android.arch.core:runtime:1.1.1] AndroidManifest.xml:17:1-22:12
INJECTED from src\main\AndroidManifest.xml:2:1-43:12
INJECTED from src\main\AndroidManifest.xml:2:1-43:12
INJECTED from src\main\AndroidManifest.xml:2:1-43:12
	package
		ADDED from src\main\AndroidManifest.xml:3:5-32
		INJECTED from src\main\AndroidManifest.xml
		INJECTED from src\main\AndroidManifest.xml
	android:versionName
		INJECTED from src\main\AndroidManifest.xml
		ADDED from src\main\AndroidManifest.xml:2:1-43:12
		INJECTED from src\main\AndroidManifest.xml
	android:versionCode
		INJECTED from src\main\AndroidManifest.xml
		ADDED from src\main\AndroidManifest.xml:2:1-43:12
		INJECTED from src\main\AndroidManifest.xml
	xmlns:android
		ADDED from src\main\AndroidManifest.xml:2:11-69
uses-permission#android.permission.INTERNET
ADDED from src\main\AndroidManifest.xml:5:5-67
	android:name
		ADDED from src\main\AndroidManifest.xml:5:22-64
application
ADDED from src\main\AndroidManifest.xml:7:5-41:19
MERGED from [com.android.support:design:28.0.0] AndroidManifest.xml:22:5-20
MERGED from [com.android.support:design:28.0.0] AndroidManifest.xml:22:5-20
MERGED from [com.facebook.android:facebook-share:4.42.0] AndroidManifest.xml:28:5-29:19
MERGED from [com.facebook.android:facebook-share:4.42.0] AndroidManifest.xml:28:5-29:19
MERGED from [com.facebook.android:facebook-common:4.42.0] AndroidManifest.xml:28:5-35:19
MERGED from [com.facebook.android:facebook-common:4.42.0] AndroidManifest.xml:28:5-35:19
MERGED from [com.android.support.constraint:constraint-layout:1.1.3] AndroidManifest.xml:9:5-20
MERGED from [com.android.support.constraint:constraint-layout:1.1.3] AndroidManifest.xml:9:5-20
MERGED from [com.facebook.android:facebook-core:4.42.0] AndroidManifest.xml:28:5-51:19
MERGED from [com.facebook.android:facebook-core:4.42.0] AndroidManifest.xml:28:5-51:19
MERGED from [com.android.support:support-compat:28.0.0] AndroidManifest.xml:22:5-94
MERGED from [com.android.support:support-compat:28.0.0] AndroidManifest.xml:22:5-94
MERGED from [com.android.support:versionedparcelable:28.0.0] AndroidManifest.xml:22:5-23:19
MERGED from [com.android.support:versionedparcelable:28.0.0] AndroidManifest.xml:22:5-23:19
	android:appComponentFactory
		ADDED from [com.android.support:support-compat:28.0.0] AndroidManifest.xml:22:18-91
	android:supportsRtl
		ADDED from src\main\AndroidManifest.xml:12:9-35
	android:label
		ADDED from src\main\AndroidManifest.xml:10:9-41
	android:roundIcon
		ADDED from src\main\AndroidManifest.xml:11:9-54
	android:icon
		ADDED from src\main\AndroidManifest.xml:9:9-43
	android:allowBackup
		ADDED from src\main\AndroidManifest.xml:8:9-35
	android:theme
		ADDED from src\main\AndroidManifest.xml:13:9-40
activity#com.example.tarot.TarotResultActivity
ADDED from src\main\AndroidManifest.xml:14:9-66
	android:name
		ADDED from src\main\AndroidManifest.xml:14:19-54
activity#com.example.tarot.TarotActivity
ADDED from src\main\AndroidManifest.xml:15:9-51
	android:name
		ADDED from src\main\AndroidManifest.xml:15:19-48
activity#com.example.tarot.HistoryActivity
ADDED from src\main\AndroidManifest.xml:16:9-53
	android:name
		ADDED from src\main\AndroidManifest.xml:16:19-50
activity#com.example.tarot.WelcomeActivity
ADDED from src\main\AndroidManifest.xml:17:9-23:20
	android:name
		ADDED from src\main\AndroidManifest.xml:17:19-50
intent-filter#action:name:android.intent.action.MAIN+category:name:android.intent.category.LAUNCHER
ADDED from src\main\AndroidManifest.xml:18:13-22:29
action#android.intent.action.MAIN
ADDED from src\main\AndroidManifest.xml:19:17-69
	android:name
		ADDED from src\main\AndroidManifest.xml:19:25-66
category#android.intent.category.LAUNCHER
ADDED from src\main\AndroidManifest.xml:21:17-77
	android:name
		ADDED from src\main\AndroidManifest.xml:21:27-74
activity#com.example.tarot.CardResultActivity
ADDED from src\main\AndroidManifest.xml:24:9-27:59
	android:label
		ADDED from src\main\AndroidManifest.xml:26:13-63
	android:theme
		ADDED from src\main\AndroidManifest.xml:27:13-56
	android:name
		ADDED from src\main\AndroidManifest.xml:25:13-47
activity#com.example.tarot.ResultCardActivity
ADDED from src\main\AndroidManifest.xml:28:9-56
	android:name
		ADDED from src\main\AndroidManifest.xml:28:19-53
activity#com.example.tarot.MainActivity
ADDED from src\main\AndroidManifest.xml:29:9-31:20
	android:name
		ADDED from src\main\AndroidManifest.xml:29:19-47
meta-data#com.facebook.sdk.ApplicationId
ADDED from src\main\AndroidManifest.xml:33:9-35:55
	android:value
		ADDED from src\main\AndroidManifest.xml:35:13-52
	android:name
		ADDED from src\main\AndroidManifest.xml:34:13-58
provider#com.facebook.FacebookContentProvider
ADDED from src\main\AndroidManifest.xml:37:9-40:39
	android:authorities
		ADDED from src\main\AndroidManifest.xml:39:13-90
	android:exported
		ADDED from src\main\AndroidManifest.xml:40:13-36
	android:name
		ADDED from src\main\AndroidManifest.xml:38:13-64
uses-sdk
INJECTED from src\main\AndroidManifest.xml reason: use-sdk injection requested
INJECTED from src\main\AndroidManifest.xml
INJECTED from src\main\AndroidManifest.xml
MERGED from [com.android.support:design:28.0.0] AndroidManifest.xml:20:5-44
MERGED from [com.android.support:design:28.0.0] AndroidManifest.xml:20:5-44
MERGED from [com.facebook.android:facebook-share:4.42.0] AndroidManifest.xml:24:5-26:41
MERGED from [com.facebook.android:facebook-share:4.42.0] AndroidManifest.xml:24:5-26:41
MERGED from [com.facebook.android:facebook-common:4.42.0] AndroidManifest.xml:24:5-26:41
MERGED from [com.facebook.android:facebook-common:4.42.0] AndroidManifest.xml:24:5-26:41
MERGED from [com.android.support:appcompat-v7:28.0.0] AndroidManifest.xml:20:5-44
MERGED from [com.android.support:appcompat-v7:28.0.0] AndroidManifest.xml:20:5-44
MERGED from [com.android.support:recyclerview-v7:28.0.0] AndroidManifest.xml:20:5-44
MERGED from [com.android.support:recyclerview-v7:28.0.0] AndroidManifest.xml:20:5-44
MERGED from [com.android.support.constraint:constraint-layout:1.1.3] AndroidManifest.xml:5:5-7:41
MERGED from [com.android.support.constraint:constraint-layout:1.1.3] AndroidManifest.xml:5:5-7:41
MERGED from [com.android.support:support-v4:28.0.0] AndroidManifest.xml:20:5-44
MERGED from [com.android.support:support-v4:28.0.0] AndroidManifest.xml:20:5-44
MERGED from [com.android.support:support-fragment:28.0.0] AndroidManifest.xml:20:5-44
MERGED from [com.android.support:support-fragment:28.0.0] AndroidManifest.xml:20:5-44
MERGED from [com.android.support:animated-vector-drawable:28.0.0] AndroidManifest.xml:20:5-44
MERGED from [com.android.support:animated-vector-drawable:28.0.0] AndroidManifest.xml:20:5-44
MERGED from [com.android.support:support-core-ui:28.0.0] AndroidManifest.xml:20:5-44
MERGED from [com.android.support:support-core-ui:28.0.0] AndroidManifest.xml:20:5-44
MERGED from [com.facebook.android:facebook-core:4.42.0] AndroidManifest.xml:24:5-26:41
MERGED from [com.facebook.android:facebook-core:4.42.0] AndroidManifest.xml:24:5-26:41
MERGED from [com.android.support:support-core-utils:28.0.0] AndroidManifest.xml:20:5-44
MERGED from [com.android.support:support-core-utils:28.0.0] AndroidManifest.xml:20:5-44
MERGED from [com.android.support:support-vector-drawable:28.0.0] AndroidManifest.xml:20:5-44
MERGED from [com.android.support:support-vector-drawable:28.0.0] AndroidManifest.xml:20:5-44
MERGED from [com.android.support:support-media-compat:28.0.0] AndroidManifest.xml:20:5-44
MERGED from [com.android.support:support-media-compat:28.0.0] AndroidManifest.xml:20:5-44
MERGED from [com.android.support:transition:28.0.0] AndroidManifest.xml:20:5-44
MERGED from [com.android.support:transition:28.0.0] AndroidManifest.xml:20:5-44
MERGED from [com.android.support:loader:28.0.0] AndroidManifest.xml:20:5-44
MERGED from [com.android.support:loader:28.0.0] AndroidManifest.xml:20:5-44
MERGED from [com.android.support:viewpager:28.0.0] AndroidManifest.xml:20:5-44
MERGED from [com.android.support:viewpager:28.0.0] AndroidManifest.xml:20:5-44
MERGED from [com.android.support:coordinatorlayout:28.0.0] AndroidManifest.xml:20:5-44
MERGED from [com.android.support:coordinatorlayout:28.0.0] AndroidManifest.xml:20:5-44
MERGED from [com.android.support:drawerlayout:28.0.0] AndroidManifest.xml:20:5-44
MERGED from [com.android.support:drawerlayout:28.0.0] AndroidManifest.xml:20:5-44
MERGED from [com.android.support:slidingpanelayout:28.0.0] AndroidManifest.xml:20:5-44
MERGED from [com.android.support:slidingpanelayout:28.0.0] AndroidManifest.xml:20:5-44
MERGED from [com.android.support:customview:28.0.0] AndroidManifest.xml:20:5-44
MERGED from [com.android.support:customview:28.0.0] AndroidManifest.xml:20:5-44
MERGED from [com.android.support:swiperefreshlayout:28.0.0] AndroidManifest.xml:20:5-44
MERGED from [com.android.support:swiperefreshlayout:28.0.0] AndroidManifest.xml:20:5-44
MERGED from [com.android.support:asynclayoutinflater:28.0.0] AndroidManifest.xml:20:5-44
MERGED from [com.android.support:asynclayoutinflater:28.0.0] AndroidManifest.xml:20:5-44
MERGED from [com.android.support:customtabs:27.0.2] AndroidManifest.xml:20:5-44
MERGED from [com.android.support:customtabs:27.0.2] AndroidManifest.xml:20:5-44
MERGED from [com.android.support:support-compat:28.0.0] AndroidManifest.xml:20:5-44
MERGED from [com.android.support:support-compat:28.0.0] AndroidManifest.xml:20:5-44
MERGED from [com.android.support:versionedparcelable:28.0.0] AndroidManifest.xml:20:5-44
MERGED from [com.android.support:versionedparcelable:28.0.0] AndroidManifest.xml:20:5-44
MERGED from [com.android.support:cursoradapter:28.0.0] AndroidManifest.xml:20:5-44
MERGED from [com.android.support:cursoradapter:28.0.0] AndroidManifest.xml:20:5-44
MERGED from [com.android.support:cardview-v7:28.0.0] AndroidManifest.xml:20:5-44
MERGED from [com.android.support:cardview-v7:28.0.0] AndroidManifest.xml:20:5-44
MERGED from [android.arch.lifecycle:runtime:1.1.1] AndroidManifest.xml:20:5-44
MERGED from [android.arch.lifecycle:runtime:1.1.1] AndroidManifest.xml:20:5-44
MERGED from [com.android.support:documentfile:28.0.0] AndroidManifest.xml:20:5-44
MERGED from [com.android.support:documentfile:28.0.0] AndroidManifest.xml:20:5-44
MERGED from [com.android.support:localbroadcastmanager:28.0.0] AndroidManifest.xml:20:5-44
MERGED from [com.android.support:localbroadcastmanager:28.0.0] AndroidManifest.xml:20:5-44
MERGED from [com.android.support:print:28.0.0] AndroidManifest.xml:20:5-44
MERGED from [com.android.support:print:28.0.0] AndroidManifest.xml:20:5-44
MERGED from [android.arch.lifecycle:viewmodel:1.1.1] AndroidManifest.xml:20:5-44
MERGED from [android.arch.lifecycle:viewmodel:1.1.1] AndroidManifest.xml:20:5-44
MERGED from [com.android.support:interpolator:28.0.0] AndroidManifest.xml:20:5-44
MERGED from [com.android.support:interpolator:28.0.0] AndroidManifest.xml:20:5-44
MERGED from [android.arch.lifecycle:livedata:1.1.1] AndroidManifest.xml:20:5-44
MERGED from [android.arch.lifecycle:livedata:1.1.1] AndroidManifest.xml:20:5-44
MERGED from [android.arch.lifecycle:livedata-core:1.1.1] AndroidManifest.xml:20:5-44
MERGED from [android.arch.lifecycle:livedata-core:1.1.1] AndroidManifest.xml:20:5-44
MERGED from [android.arch.core:runtime:1.1.1] AndroidManifest.xml:20:5-44
MERGED from [android.arch.core:runtime:1.1.1] AndroidManifest.xml:20:5-44
INJECTED from src\main\AndroidManifest.xml
INJECTED from src\main\AndroidManifest.xml
	android:targetSdkVersion
		INJECTED from src\main\AndroidManifest.xml
		ADDED from src\main\AndroidManifest.xml
		INJECTED from src\main\AndroidManifest.xml
	android:minSdkVersion
		INJECTED from src\main\AndroidManifest.xml
		ADDED from src\main\AndroidManifest.xml
		INJECTED from src\main\AndroidManifest.xml
activity#com.facebook.FacebookActivity
ADDED from [com.facebook.android:facebook-common:4.42.0] AndroidManifest.xml:29:9-32:66
	android:configChanges
		ADDED from [com.facebook.android:facebook-common:4.42.0] AndroidManifest.xml:31:13-96
	android:theme
		ADDED from [com.facebook.android:facebook-common:4.42.0] AndroidManifest.xml:32:13-63
	android:name
		ADDED from [com.facebook.android:facebook-common:4.42.0] AndroidManifest.xml:30:13-57
activity#com.facebook.CustomTabMainActivity
ADDED from [com.facebook.android:facebook-common:4.42.0] AndroidManifest.xml:33:9-71
	android:name
		ADDED from [com.facebook.android:facebook-common:4.42.0] AndroidManifest.xml:33:19-68
activity#com.facebook.CustomTabActivity
ADDED from [com.facebook.android:facebook-common:4.42.0] AndroidManifest.xml:34:9-67
	android:name
		ADDED from [com.facebook.android:facebook-common:4.42.0] AndroidManifest.xml:34:19-64
provider#com.facebook.internal.FacebookInitProvider
ADDED from [com.facebook.android:facebook-core:4.42.0] AndroidManifest.xml:39:9-42:40
	android:authorities
		ADDED from [com.facebook.android:facebook-core:4.42.0] AndroidManifest.xml:41:13-72
	android:exported
		ADDED from [com.facebook.android:facebook-core:4.42.0] AndroidManifest.xml:42:13-37
	android:name
		ADDED from [com.facebook.android:facebook-core:4.42.0] AndroidManifest.xml:40:13-70
receiver#com.facebook.CurrentAccessTokenExpirationBroadcastReceiver
ADDED from [com.facebook.android:facebook-core:4.42.0] AndroidManifest.xml:44:9-50:20
	android:exported
		ADDED from [com.facebook.android:facebook-core:4.42.0] AndroidManifest.xml:46:13-37
	android:name
		ADDED from [com.facebook.android:facebook-core:4.42.0] AndroidManifest.xml:45:13-86
intent-filter#action:name:com.facebook.sdk.ACTION_CURRENT_ACCESS_TOKEN_CHANGED
ADDED from [com.facebook.android:facebook-core:4.42.0] AndroidManifest.xml:47:13-49:29
action#com.facebook.sdk.ACTION_CURRENT_ACCESS_TOKEN_CHANGED
ADDED from [com.facebook.android:facebook-core:4.42.0] AndroidManifest.xml:48:17-95
	android:name
		ADDED from [com.facebook.android:facebook-core:4.42.0] AndroidManifest.xml:48:25-92